TN:
SF:/home/travis/build/bazile-clyde/CabX/backend/src/getFindRides.js
FN:12,(anonymous_0)
FNF:1
FNH:1
FNDA:8,(anonymous_0)
DA:1,1
DA:2,1
DA:3,1
DA:12,1
DA:13,8
DA:15,8
DA:16,1
DA:17,1
DA:20,7
DA:21,1
DA:22,1
DA:25,6
DA:26,6
DA:27,1
DA:28,1
DA:30,5
DA:31,1
DA:32,1
DA:35,4
DA:36,4
DA:37,1
DA:38,1
DA:40,3
DA:41,1
DA:42,1
DA:45,2
DA:46,2
DA:47,2
DA:48,2
DA:49,2
DA:50,2
DA:52,2
DA:53,2
DA:54,2
DA:57,2
DA:58,0
DA:59,0
DA:60,0
DA:61,0
DA:64,2
DA:65,1
DA:68,1
DA:75,1
LF:43
LH:39
BRDA:15,0,0,1
BRDA:15,0,1,7
BRDA:20,1,0,1
BRDA:20,1,1,6
BRDA:26,2,0,1
BRDA:26,2,1,5
BRDA:30,3,0,1
BRDA:30,3,1,4
BRDA:36,4,0,1
BRDA:36,4,1,3
BRDA:40,5,0,1
BRDA:40,5,1,2
BRDA:54,6,0,2
BRDA:54,6,1,0
BRDA:55,7,0,2
BRDA:55,7,1,2
BRDA:58,8,0,0
BRDA:58,8,1,0
BRDA:60,9,0,0
BRDA:60,9,1,0
BRDA:64,10,0,1
BRDA:64,10,1,1
BRF:22
BRH:17
end_of_record
TN:
SF:/home/travis/build/bazile-clyde/CabX/backend/src/getLatLongFromAddress.js
FN:8,(anonymous_0)
FN:11,(anonymous_1)
FN:28,(anonymous_2)
FN:29,(anonymous_3)
FN:31,(anonymous_4)
FN:48,(anonymous_5)
FN:70,(anonymous_6)
FN:89,(anonymous_7)
FNF:8
FNH:8
FNDA:10,(anonymous_0)
FNDA:2,(anonymous_1)
FNDA:14,(anonymous_2)
FNDA:14,(anonymous_3)
FNDA:14,(anonymous_4)
FNDA:11,(anonymous_5)
FNDA:15,(anonymous_6)
FNDA:24,(anonymous_7)
DA:1,1
DA:3,1
DA:4,1
DA:5,1
DA:8,1
DA:9,10
DA:10,10
DA:12,2
DA:13,2
DA:15,10
DA:16,8
DA:19,10
DA:28,1
DA:29,14
DA:30,14
DA:32,14
DA:33,1
DA:34,13
DA:35,3
DA:37,10
DA:48,1
DA:49,11
DA:50,11
DA:54,2
DA:55,2
DA:56,2
DA:58,9
DA:59,9
DA:62,11
DA:70,1
DA:71,15
DA:72,15
DA:73,15
DA:74,17
DA:76,17
DA:77,14
DA:78,14
DA:81,15
DA:89,1
DA:90,24
DA:91,24
DA:99,9
DA:100,9
DA:101,9
DA:103,15
DA:104,0
DA:106,15
DA:115,24
LF:48
LH:47
BRDA:15,0,0,8
BRDA:15,0,1,2
BRDA:32,1,0,1
BRDA:32,1,1,13
BRDA:34,2,0,3
BRDA:34,2,1,10
BRDA:50,3,0,2
BRDA:50,3,1,9
BRDA:51,4,0,11
BRDA:51,4,1,10
BRDA:76,5,0,14
BRDA:76,5,1,3
BRDA:91,6,0,9
BRDA:91,6,1,15
BRDA:92,7,0,24
BRDA:92,7,1,21
BRDA:92,7,2,20
BRDA:92,7,3,18
BRDA:92,7,4,17
BRDA:92,7,5,16
BRDA:103,8,0,0
BRDA:103,8,1,15
BRF:22
BRH:21
end_of_record
TN:
SF:/home/travis/build/bazile-clyde/CabX/backend/src/getLyft.js
FN:5,(anonymous_0)
FN:8,(anonymous_1)
FN:28,(anonymous_2)
FN:38,(anonymous_3)
FN:39,(anonymous_4)
FN:56,(anonymous_5)
FN:75,(anonymous_6)
FNF:7
FNH:6
FNDA:2,(anonymous_0)
FNDA:0,(anonymous_1)
FNDA:6,(anonymous_2)
FNDA:6,(anonymous_3)
FNDA:6,(anonymous_4)
FNDA:8,(anonymous_5)
FNDA:18,(anonymous_6)
DA:1,1
DA:3,1
DA:5,1
DA:6,2
DA:7,2
DA:9,0
DA:10,0
DA:12,2
DA:13,2
DA:16,2
DA:28,1
DA:29,6
DA:38,6
DA:39,6
DA:40,6
DA:41,1
DA:42,5
DA:43,1
DA:45,4
DA:56,1
DA:57,8
DA:58,8
DA:59,8
DA:60,12
DA:62,12
DA:63,9
DA:64,9
DA:67,8
DA:75,1
DA:76,18
DA:77,18
DA:84,8
DA:85,8
DA:86,8
DA:88,10
DA:97,18
LF:36
LH:34
BRDA:12,0,0,2
BRDA:12,0,1,0
BRDA:40,1,0,1
BRDA:40,1,1,5
BRDA:42,2,0,1
BRDA:42,2,1,4
BRDA:62,3,0,9
BRDA:62,3,1,3
BRDA:77,4,0,8
BRDA:77,4,1,10
BRDA:78,5,0,18
BRDA:78,5,1,17
BRDA:78,5,2,14
BRDA:78,5,3,13
BRDA:78,5,4,12
BRF:15
BRH:14
end_of_record
TN:
SF:/home/travis/build/bazile-clyde/CabX/backend/src/getSuggestion.js
FN:8,(anonymous_0)
FN:11,(anonymous_1)
FN:30,(anonymous_2)
FN:31,(anonymous_3)
FN:34,(anonymous_4)
FN:51,(anonymous_5)
FNF:6
FNH:4
FNDA:0,(anonymous_0)
FNDA:0,(anonymous_1)
FNDA:4,(anonymous_2)
FNDA:4,(anonymous_3)
FNDA:4,(anonymous_4)
FNDA:4,(anonymous_5)
DA:1,1
DA:3,1
DA:4,1
DA:5,1
DA:8,1
DA:9,0
DA:10,0
DA:12,0
DA:13,0
DA:15,0
DA:16,0
DA:17,0
DA:20,0
DA:30,1
DA:31,4
DA:32,4
DA:33,4
DA:35,4
DA:36,1
DA:37,3
DA:38,1
DA:40,2
DA:51,1
DA:52,4
DA:53,4
DA:57,2
DA:58,2
DA:59,2
DA:61,2
DA:63,4
LF:30
LH:22
BRDA:16,0,0,0
BRDA:16,0,1,0
BRDA:35,1,0,1
BRDA:35,1,1,3
BRDA:37,2,0,1
BRDA:37,2,1,2
BRDA:53,3,0,2
BRDA:53,3,1,2
BRDA:54,4,0,4
BRDA:54,4,1,4
BRF:10
BRH:8
end_of_record
TN:
SF:/home/travis/build/bazile-clyde/CabX/backend/src/getUber.js
FN:6,(anonymous_0)
FN:9,(anonymous_1)
FN:29,(anonymous_2)
FN:41,(anonymous_3)
FN:42,(anonymous_4)
FN:60,(anonymous_5)
FN:80,(anonymous_6)
FNF:7
FNH:6
FNDA:2,(anonymous_0)
FNDA:0,(anonymous_1)
FNDA:6,(anonymous_2)
FNDA:6,(anonymous_3)
FNDA:6,(anonymous_4)
FNDA:8,(anonymous_5)
FNDA:18,(anonymous_6)
DA:1,1
DA:3,1
DA:6,1
DA:7,2
DA:8,2
DA:10,0
DA:11,0
DA:13,2
DA:14,2
DA:17,2
DA:29,1
DA:30,6
DA:41,6
DA:42,6
DA:43,6
DA:44,1
DA:45,5
DA:46,1
DA:48,4
DA:60,1
DA:61,8
DA:62,8
DA:63,8
DA:64,8
DA:65,12
DA:67,12
DA:68,9
DA:69,9
DA:72,8
DA:80,1
DA:81,18
DA:82,18
DA:89,8
DA:90,8
DA:91,8
DA:93,10
DA:102,18
LF:37
LH:35
BRDA:13,0,0,2
BRDA:13,0,1,0
BRDA:43,1,0,1
BRDA:43,1,1,5
BRDA:45,2,0,1
BRDA:45,2,1,4
BRDA:67,3,0,9
BRDA:67,3,1,3
BRDA:82,4,0,8
BRDA:82,4,1,10
BRDA:83,5,0,18
BRDA:83,5,1,15
BRDA:83,5,2,14
BRDA:83,5,3,12
BRDA:83,5,4,11
BRF:15
BRH:14
end_of_record
