{"/Users/clydebazile/Documents/CabX/frontend/src/sample_file.js":{"path":"/Users/clydebazile/Documents/CabX/frontend/src/sample_file.js","s":{"1":1,"2":1,"3":1},"b":{},"f":{"1":1},"fnMap":{"1":{"name":"printThis","line":2,"loc":{"start":{"line":2,"column":0},"end":{"line":2,"column":24}}}},"statementMap":{"1":{"start":{"line":2,"column":0},"end":{"line":4,"column":1}},"2":{"start":{"line":3,"column":1},"end":{"line":3,"column":18}},"3":{"start":{"line":6,"column":0},"end":{"line":6,"column":20}}},"branchMap":{}},"/Users/clydebazile/Documents/CabX/backend/src/sample_file.js":{"path":"/Users/clydebazile/Documents/CabX/backend/src/sample_file.js","s":{"1":1,"2":1,"3":1},"b":{},"f":{"1":1},"fnMap":{"1":{"name":"printThis","line":2,"loc":{"start":{"line":2,"column":0},"end":{"line":2,"column":24}}}},"statementMap":{"1":{"start":{"line":2,"column":0},"end":{"line":4,"column":1}},"2":{"start":{"line":3,"column":1},"end":{"line":3,"column":18}},"3":{"start":{"line":6,"column":0},"end":{"line":6,"column":20}}},"branchMap":{}}}