{"/Users/bennys/Projects/Columbia/05_Adv/04_CabX/CabX/backend/src/getLatLongFromAddress.js":{"path":"/Users/bennys/Projects/Columbia/05_Adv/04_CabX/CabX/backend/src/getLatLongFromAddress.js","s":{"1":1,"2":1,"3":1,"4":1,"5":1,"6":0,"7":0,"8":0,"9":0,"10":1,"11":0,"12":0,"13":0,"14":0,"15":0,"16":0,"17":0,"18":0,"19":0,"20":1,"21":0,"22":0},"b":{"1":[0,0],"2":[0,0],"3":[0,0]},"f":{"1":0,"2":0,"3":0},"fnMap":{"1":{"name":"requestLatLongFromAddress","line":7,"loc":{"start":{"line":7,"column":0},"end":{"line":7,"column":45}}},"2":{"name":"processBingLatLongResponse","line":14,"loc":{"start":{"line":14,"column":0},"end":{"line":14,"column":51}}},"3":{"name":"getRelevantInformationFromLatLongResponse","line":29,"loc":{"start":{"line":29,"column":0},"end":{"line":29,"column":69}}}},"statementMap":{"1":{"start":{"line":1,"column":0},"end":{"line":1,"column":35}},"2":{"start":{"line":3,"column":0},"end":{"line":3,"column":69}},"3":{"start":{"line":4,"column":0},"end":{"line":4,"column":32}},"4":{"start":{"line":5,"column":0},"end":{"line":5,"column":84}},"5":{"start":{"line":7,"column":0},"end":{"line":12,"column":1}},"6":{"start":{"line":8,"column":2},"end":{"line":11,"column":5}},"7":{"start":{"line":9,"column":4},"end":{"line":9,"column":41}},"8":{"start":{"line":9,"column":15},"end":{"line":9,"column":39}},"9":{"start":{"line":10,"column":4},"end":{"line":10,"column":37}},"10":{"start":{"line":14,"column":0},"end":{"line":27,"column":1}},"11":{"start":{"line":15,"column":2},"end":{"line":17,"column":3}},"12":{"start":{"line":16,"column":4},"end":{"line":16,"column":63}},"13":{"start":{"line":18,"column":2},"end":{"line":20,"column":3}},"14":{"start":{"line":19,"column":4},"end":{"line":19,"column":60}},"15":{"start":{"line":21,"column":2},"end":{"line":21,"column":62}},"16":{"start":{"line":22,"column":2},"end":{"line":22,"column":30}},"17":{"start":{"line":23,"column":2},"end":{"line":25,"column":3}},"18":{"start":{"line":24,"column":4},"end":{"line":24,"column":95}},"19":{"start":{"line":26,"column":2},"end":{"line":26,"column":38}},"20":{"start":{"line":29,"column":0},"end":{"line":38,"column":1}},"21":{"start":{"line":30,"column":2},"end":{"line":36,"column":4}},"22":{"start":{"line":37,"column":2},"end":{"line":37,"column":35}}},"branchMap":{"1":{"line":9,"type":"if","locations":[{"start":{"line":9,"column":4},"end":{"line":9,"column":4}},{"start":{"line":9,"column":4},"end":{"line":9,"column":4}}]},"2":{"line":15,"type":"if","locations":[{"start":{"line":15,"column":2},"end":{"line":15,"column":2}},{"start":{"line":15,"column":2},"end":{"line":15,"column":2}}]},"3":{"line":18,"type":"if","locations":[{"start":{"line":18,"column":2},"end":{"line":18,"column":2}},{"start":{"line":18,"column":2},"end":{"line":18,"column":2}}]}}},"/Users/bennys/Projects/Columbia/05_Adv/04_CabX/CabX/backend/src/sample_file.js":{"path":"/Users/bennys/Projects/Columbia/05_Adv/04_CabX/CabX/backend/src/sample_file.js","s":{"1":1,"2":1,"3":1},"b":{},"f":{"1":1},"fnMap":{"1":{"name":"printThis","line":2,"loc":{"start":{"line":2,"column":0},"end":{"line":2,"column":24}}}},"statementMap":{"1":{"start":{"line":2,"column":0},"end":{"line":4,"column":1}},"2":{"start":{"line":3,"column":1},"end":{"line":3,"column":18}},"3":{"start":{"line":6,"column":0},"end":{"line":6,"column":20}}},"branchMap":{}}}