TN:
SF:/Users/bennys/Projects/Columbia/05_Adv/04_CabX/CabX/backend/src/getFindRides.js
FN:12,(anonymous_0)
FNF:1
FNH:1
FNDA:5,(anonymous_0)
DA:1,1
DA:2,1
DA:3,1
DA:12,1
DA:13,5
DA:15,5
DA:16,5
DA:17,1
DA:18,1
DA:20,4
DA:21,1
DA:22,1
DA:25,3
DA:26,3
DA:27,1
DA:28,1
DA:30,2
DA:31,1
DA:32,1
DA:35,1
DA:36,1
DA:37,1
DA:38,1
DA:39,1
DA:40,1
DA:42,1
DA:43,1
DA:44,1
DA:47,1
DA:48,0
DA:49,0
DA:50,0
DA:51,0
DA:53,1
DA:54,1
LF:35
LH:31
BRDA:16,0,0,1
BRDA:16,0,1,4
BRDA:20,1,0,1
BRDA:20,1,1,3
BRDA:26,2,0,1
BRDA:26,2,1,2
BRDA:30,3,0,1
BRDA:30,3,1,1
BRDA:44,4,0,1
BRDA:44,4,1,0
BRDA:45,5,0,1
BRDA:45,5,1,1
BRDA:48,6,0,0
BRDA:48,6,1,0
BRDA:50,7,0,0
BRDA:50,7,1,0
BRF:16
BRH:11
end_of_record
TN:
SF:/Users/bennys/Projects/Columbia/05_Adv/04_CabX/CabX/backend/src/getLatLongFromAddress.js
FN:8,(anonymous_0)
FN:11,(anonymous_1)
FN:28,(anonymous_2)
FN:29,(anonymous_3)
FN:31,(anonymous_4)
FN:48,(anonymous_5)
FN:70,(anonymous_6)
FN:89,(anonymous_7)
FNF:8
FNH:8
FNDA:8,(anonymous_0)
FNDA:2,(anonymous_1)
FNDA:12,(anonymous_2)
FNDA:12,(anonymous_3)
FNDA:12,(anonymous_4)
FNDA:9,(anonymous_5)
FNDA:11,(anonymous_6)
FNDA:18,(anonymous_7)
DA:1,1
DA:3,1
DA:4,1
DA:5,1
DA:8,1
DA:9,8
DA:10,8
DA:12,2
DA:13,2
DA:15,8
DA:16,6
DA:19,8
DA:28,1
DA:29,12
DA:30,12
DA:32,12
DA:33,1
DA:34,11
DA:35,3
DA:37,8
DA:48,1
DA:49,9
DA:50,9
DA:54,2
DA:55,2
DA:56,2
DA:58,7
DA:59,7
DA:62,9
DA:70,1
DA:71,11
DA:72,11
DA:73,11
DA:74,11
DA:76,11
DA:77,8
DA:78,8
DA:81,11
DA:89,1
DA:90,18
DA:91,18
DA:99,9
DA:100,9
DA:101,9
DA:103,9
DA:104,0
DA:106,9
DA:115,18
LF:48
LH:47
BRDA:15,0,0,6
BRDA:15,0,1,2
BRDA:32,1,0,1
BRDA:32,1,1,11
BRDA:34,2,0,3
BRDA:34,2,1,8
BRDA:50,3,0,2
BRDA:50,3,1,7
BRDA:51,4,0,9
BRDA:51,4,1,8
BRDA:76,5,0,8
BRDA:76,5,1,3
BRDA:91,6,0,9
BRDA:91,6,1,9
BRDA:92,7,0,18
BRDA:92,7,1,15
BRDA:92,7,2,14
BRDA:92,7,3,12
BRDA:92,7,4,11
BRDA:92,7,5,10
BRDA:103,8,0,0
BRDA:103,8,1,9
BRF:22
BRH:21
end_of_record
TN:
SF:/Users/bennys/Projects/Columbia/05_Adv/04_CabX/CabX/backend/src/getLyft.js
FN:5,(anonymous_0)
FN:8,(anonymous_1)
FN:28,(anonymous_2)
FN:38,(anonymous_3)
FN:39,(anonymous_4)
FN:56,(anonymous_5)
FN:75,(anonymous_6)
FNF:7
FNH:6
FNDA:1,(anonymous_0)
FNDA:0,(anonymous_1)
FNDA:5,(anonymous_2)
FNDA:5,(anonymous_3)
FNDA:5,(anonymous_4)
FNDA:5,(anonymous_5)
FNDA:14,(anonymous_6)
DA:1,1
DA:3,1
DA:5,1
DA:6,1
DA:7,1
DA:9,0
DA:10,0
DA:12,1
DA:13,1
DA:16,1
DA:28,1
DA:29,5
DA:38,5
DA:39,5
DA:40,5
DA:41,1
DA:42,4
DA:43,1
DA:45,3
DA:56,1
DA:57,5
DA:58,5
DA:59,5
DA:60,8
DA:62,8
DA:63,5
DA:64,5
DA:67,5
DA:75,1
DA:76,14
DA:77,14
DA:84,8
DA:85,8
DA:86,8
DA:88,6
DA:97,14
LF:36
LH:34
BRDA:12,0,0,1
BRDA:12,0,1,0
BRDA:40,1,0,1
BRDA:40,1,1,4
BRDA:42,2,0,1
BRDA:42,2,1,3
BRDA:62,3,0,5
BRDA:62,3,1,3
BRDA:77,4,0,8
BRDA:77,4,1,6
BRDA:78,5,0,14
BRDA:78,5,1,13
BRDA:78,5,2,10
BRDA:78,5,3,9
BRDA:78,5,4,8
BRF:15
BRH:14
end_of_record
TN:
SF:/Users/bennys/Projects/Columbia/05_Adv/04_CabX/CabX/backend/src/getUber.js
FN:6,(anonymous_0)
FN:9,(anonymous_1)
FN:29,(anonymous_2)
FN:41,(anonymous_3)
FN:42,(anonymous_4)
FN:59,(anonymous_5)
FN:79,(anonymous_6)
FNF:7
FNH:6
FNDA:1,(anonymous_0)
FNDA:0,(anonymous_1)
FNDA:5,(anonymous_2)
FNDA:5,(anonymous_3)
FNDA:5,(anonymous_4)
FNDA:5,(anonymous_5)
FNDA:14,(anonymous_6)
DA:1,1
DA:3,1
DA:6,1
DA:7,1
DA:8,1
DA:10,0
DA:11,0
DA:13,1
DA:14,1
DA:17,1
DA:29,1
DA:30,5
DA:41,5
DA:42,5
DA:43,5
DA:44,1
DA:45,4
DA:46,1
DA:48,3
DA:59,1
DA:60,5
DA:61,5
DA:62,5
DA:63,5
DA:64,8
DA:66,8
DA:67,5
DA:68,5
DA:71,5
DA:79,1
DA:80,14
DA:81,14
DA:88,8
DA:89,8
DA:90,8
DA:92,6
DA:101,14
LF:37
LH:35
BRDA:13,0,0,1
BRDA:13,0,1,0
BRDA:43,1,0,1
BRDA:43,1,1,4
BRDA:45,2,0,1
BRDA:45,2,1,3
BRDA:66,3,0,5
BRDA:66,3,1,3
BRDA:81,4,0,8
BRDA:81,4,1,6
BRDA:82,5,0,14
BRDA:82,5,1,11
BRDA:82,5,2,10
BRDA:82,5,3,8
BRDA:82,5,4,7
BRF:15
BRH:14
end_of_record
TN:
SF:/Users/bennys/Projects/Columbia/05_Adv/04_CabX/CabX/backend/src/users.js
FN:12,(anonymous_0)
FN:37,(anonymous_1)
FN:40,(anonymous_2)
FN:51,(anonymous_3)
FN:53,(anonymous_4)
FN:66,(anonymous_5)
FN:67,(anonymous_6)
FN:68,(anonymous_7)
FN:75,(anonymous_8)
FN:85,(anonymous_9)
FN:89,(anonymous_10)
FN:92,(anonymous_11)
FN:106,(anonymous_12)
FN:110,(anonymous_13)
FN:113,(anonymous_14)
FN:127,(anonymous_15)
FN:131,(anonymous_16)
FN:134,(anonymous_17)
FN:148,(anonymous_18)
FN:157,(anonymous_19)
FN:160,(anonymous_20)
FN:170,(anonymous_21)
FN:172,(anonymous_22)
FN:173,(anonymous_23)
FN:184,(anonymous_24)
FN:192,(anonymous_25)
FN:195,(anonymous_26)
FN:205,(anonymous_27)
FN:207,(anonymous_28)
FN:208,(anonymous_29)
FN:219,(anonymous_30)
FN:220,(anonymous_31)
FN:221,(anonymous_32)
FN:232,(anonymous_33)
FN:233,(anonymous_34)
FN:234,(anonymous_35)
FNF:36
FNH:18
FNDA:4,(anonymous_0)
FNDA:1,(anonymous_1)
FNDA:0,(anonymous_2)
FNDA:0,(anonymous_3)
FNDA:0,(anonymous_4)
FNDA:2,(anonymous_5)
FNDA:2,(anonymous_6)
FNDA:2,(anonymous_7)
FNDA:2,(anonymous_8)
FNDA:6,(anonymous_9)
FNDA:6,(anonymous_10)
FNDA:0,(anonymous_11)
FNDA:2,(anonymous_12)
FNDA:2,(anonymous_13)
FNDA:0,(anonymous_14)
FNDA:4,(anonymous_15)
FNDA:4,(anonymous_16)
FNDA:0,(anonymous_17)
FNDA:0,(anonymous_18)
FNDA:0,(anonymous_19)
FNDA:0,(anonymous_20)
FNDA:0,(anonymous_21)
FNDA:0,(anonymous_22)
FNDA:0,(anonymous_23)
FNDA:0,(anonymous_24)
FNDA:0,(anonymous_25)
FNDA:0,(anonymous_26)
FNDA:0,(anonymous_27)
FNDA:0,(anonymous_28)
FNDA:0,(anonymous_29)
FNDA:10,(anonymous_30)
FNDA:10,(anonymous_31)
FNDA:10,(anonymous_32)
FNDA:6,(anonymous_33)
FNDA:6,(anonymous_34)
FNDA:6,(anonymous_35)
DA:1,1
DA:3,1
DA:4,1
DA:5,1
DA:8,1
DA:9,1
DA:10,1
DA:12,1
DA:13,4
DA:14,4
DA:15,1
DA:17,3
DA:19,3
DA:20,0
DA:22,3
DA:23,1
DA:25,2
DA:26,1
DA:28,1
DA:29,0
DA:31,1
DA:32,1
DA:35,1
DA:38,1
DA:41,0
DA:43,1
DA:44,0
DA:45,0
DA:47,1
DA:48,1
DA:51,1
DA:53,0
DA:54,0
DA:55,0
DA:57,0
DA:58,0
DA:66,1
DA:67,2
DA:68,2
DA:69,2
DA:70,0
DA:72,2
DA:76,2
DA:79,2
DA:85,1
DA:86,6
DA:87,6
DA:90,6
DA:93,0
DA:95,6
DA:96,0
DA:97,0
DA:99,6
DA:100,3
DA:102,3
DA:106,1
DA:107,2
DA:108,2
DA:111,2
DA:114,0
DA:116,2
DA:117,0
DA:118,0
DA:120,2
DA:121,1
DA:123,1
DA:124,1
DA:127,1
DA:128,4
DA:129,4
DA:132,4
DA:135,0
DA:137,4
DA:138,0
DA:139,0
DA:141,4
DA:142,1
DA:144,3
DA:148,1
DA:150,0
DA:151,0
DA:152,0
DA:153,0
DA:155,0
DA:158,0
DA:161,0
DA:163,0
DA:164,0
DA:165,0
DA:167,0
DA:170,1
DA:172,0
DA:173,0
DA:174,0
DA:175,0
DA:177,0
DA:184,1
DA:186,0
DA:187,0
DA:188,0
DA:189,0
DA:191,0
DA:193,0
DA:196,0
DA:198,0
DA:199,0
DA:200,0
DA:202,0
DA:205,1
DA:207,0
DA:208,0
DA:209,0
DA:210,0
DA:212,0
DA:219,1
DA:220,10
DA:221,10
DA:222,10
DA:223,0
DA:225,10
DA:232,1
DA:233,6
DA:234,6
DA:235,6
DA:236,0
DA:238,6
LF:126
LH:72
BRDA:14,0,0,1
BRDA:14,0,1,3
BRDA:19,1,0,0
BRDA:19,1,1,3
BRDA:22,2,0,1
BRDA:22,2,1,2
BRDA:25,3,0,1
BRDA:25,3,1,1
BRDA:28,4,0,0
BRDA:28,4,1,1
BRDA:31,5,0,1
BRDA:31,5,1,0
BRDA:43,6,0,0
BRDA:43,6,1,1
BRDA:54,7,0,0
BRDA:54,7,1,0
BRDA:57,8,0,0
BRDA:57,8,1,0
BRDA:69,9,0,0
BRDA:69,9,1,2
BRDA:95,10,0,0
BRDA:95,10,1,6
BRDA:99,11,0,3
BRDA:99,11,1,3
BRDA:116,12,0,0
BRDA:116,12,1,2
BRDA:120,13,0,1
BRDA:120,13,1,1
BRDA:137,14,0,0
BRDA:137,14,1,4
BRDA:141,15,0,1
BRDA:141,15,1,3
BRDA:151,16,0,0
BRDA:151,16,1,0
BRDA:163,17,0,0
BRDA:163,17,1,0
BRDA:174,18,0,0
BRDA:174,18,1,0
BRDA:187,19,0,0
BRDA:187,19,1,0
BRDA:198,20,0,0
BRDA:198,20,1,0
BRDA:209,21,0,0
BRDA:209,21,1,0
BRDA:222,22,0,0
BRDA:222,22,1,10
BRDA:235,23,0,0
BRDA:235,23,1,6
BRF:48
BRH:22
end_of_record
