TN:
SF:/Users/bennys/Projects/Columbia/05_Adv/04_CabX/CabX/backend/src/getFindRides.js
FN:12,(anonymous_0)
FNF:1
FNH:1
FNDA:5,(anonymous_0)
DA:1,1
DA:2,1
DA:3,1
DA:12,1
DA:13,5
DA:15,5
DA:16,5
DA:17,1
DA:18,1
DA:20,4
DA:21,1
DA:22,1
DA:25,3
DA:26,3
DA:27,1
DA:28,1
DA:30,2
DA:31,1
DA:32,1
DA:35,1
DA:37,1
DA:38,1
DA:39,1
DA:40,1
DA:42,1
DA:43,1
DA:44,1
DA:47,1
DA:48,1
DA:50,0
DA:51,0
DA:52,0
DA:54,0
DA:55,0
DA:56,0
DA:58,0
LF:36
LH:29
BRDA:16,0,0,1
BRDA:16,0,1,4
BRDA:20,1,0,1
BRDA:20,1,1,3
BRDA:26,2,0,1
BRDA:26,2,1,2
BRDA:30,3,0,1
BRDA:30,3,1,1
BRDA:44,4,0,1
BRDA:44,4,1,0
BRDA:45,5,0,1
BRDA:45,5,1,1
BRDA:50,6,0,0
BRDA:50,6,1,0
BRDA:54,7,0,0
BRDA:54,7,1,0
BRF:16
BRH:11
end_of_record
TN:
SF:/Users/bennys/Projects/Columbia/05_Adv/04_CabX/CabX/backend/src/getLatLongFromAddress.js
FN:8,(anonymous_0)
FN:11,(anonymous_1)
FN:28,(anonymous_2)
FN:29,(anonymous_3)
FN:31,(anonymous_4)
FN:48,(anonymous_5)
FN:70,(anonymous_6)
FN:89,(anonymous_7)
FNF:8
FNH:8
FNDA:8,(anonymous_0)
FNDA:2,(anonymous_1)
FNDA:10,(anonymous_2)
FNDA:10,(anonymous_3)
FNDA:10,(anonymous_4)
FNDA:9,(anonymous_5)
FNDA:11,(anonymous_6)
FNDA:18,(anonymous_7)
DA:1,1
DA:3,1
DA:4,1
DA:5,1
DA:8,1
DA:9,8
DA:10,8
DA:12,2
DA:13,2
DA:15,8
DA:16,6
DA:19,8
DA:28,1
DA:29,10
DA:30,10
DA:32,10
DA:33,0
DA:35,10
DA:36,3
DA:38,10
DA:48,1
DA:49,9
DA:50,9
DA:54,2
DA:55,2
DA:56,2
DA:58,7
DA:59,7
DA:62,9
DA:70,1
DA:71,11
DA:72,11
DA:73,11
DA:74,11
DA:76,11
DA:77,8
DA:78,8
DA:81,11
DA:89,1
DA:90,18
DA:91,18
DA:99,9
DA:100,9
DA:101,9
DA:103,9
DA:104,0
DA:106,9
DA:115,18
LF:48
LH:46
BRDA:15,0,0,6
BRDA:15,0,1,2
BRDA:32,1,0,0
BRDA:32,1,1,10
BRDA:35,2,0,3
BRDA:35,2,1,7
BRDA:50,3,0,2
BRDA:50,3,1,7
BRDA:51,4,0,9
BRDA:51,4,1,8
BRDA:76,5,0,8
BRDA:76,5,1,3
BRDA:91,6,0,9
BRDA:91,6,1,9
BRDA:92,7,0,18
BRDA:92,7,1,15
BRDA:92,7,2,14
BRDA:92,7,3,12
BRDA:92,7,4,11
BRDA:92,7,5,10
BRDA:103,8,0,0
BRDA:103,8,1,9
BRF:22
BRH:20
end_of_record
TN:
SF:/Users/bennys/Projects/Columbia/05_Adv/04_CabX/CabX/backend/src/getLyft.js
FN:5,(anonymous_0)
FN:8,(anonymous_1)
FN:28,(anonymous_2)
FN:38,(anonymous_3)
FN:39,(anonymous_4)
FN:56,(anonymous_5)
FN:75,(anonymous_6)
FNF:7
FNH:6
FNDA:1,(anonymous_0)
FNDA:0,(anonymous_1)
FNDA:3,(anonymous_2)
FNDA:3,(anonymous_3)
FNDA:3,(anonymous_4)
FNDA:5,(anonymous_5)
FNDA:14,(anonymous_6)
DA:1,1
DA:3,1
DA:5,1
DA:6,1
DA:7,1
DA:9,0
DA:10,0
DA:12,1
DA:13,1
DA:16,1
DA:28,1
DA:29,3
DA:38,3
DA:39,3
DA:40,3
DA:41,0
DA:43,3
DA:44,1
DA:46,3
DA:56,1
DA:57,5
DA:58,5
DA:59,5
DA:60,8
DA:62,8
DA:63,5
DA:64,5
DA:67,5
DA:75,1
DA:76,14
DA:77,14
DA:84,8
DA:85,8
DA:86,8
DA:88,6
DA:97,14
LF:36
LH:33
BRDA:12,0,0,1
BRDA:12,0,1,0
BRDA:40,1,0,0
BRDA:40,1,1,3
BRDA:43,2,0,1
BRDA:43,2,1,2
BRDA:62,3,0,5
BRDA:62,3,1,3
BRDA:77,4,0,8
BRDA:77,4,1,6
BRDA:78,5,0,14
BRDA:78,5,1,13
BRDA:78,5,2,10
BRDA:78,5,3,9
BRDA:78,5,4,8
BRF:15
BRH:13
end_of_record
TN:
SF:/Users/bennys/Projects/Columbia/05_Adv/04_CabX/CabX/backend/src/getUber.js
FN:6,(anonymous_0)
FN:9,(anonymous_1)
FN:29,(anonymous_2)
FN:40,(anonymous_3)
FN:41,(anonymous_4)
FN:58,(anonymous_5)
FN:78,(anonymous_6)
FNF:7
FNH:6
FNDA:1,(anonymous_0)
FNDA:0,(anonymous_1)
FNDA:3,(anonymous_2)
FNDA:3,(anonymous_3)
FNDA:3,(anonymous_4)
FNDA:5,(anonymous_5)
FNDA:14,(anonymous_6)
DA:1,1
DA:3,1
DA:6,1
DA:7,1
DA:8,1
DA:10,0
DA:11,0
DA:13,1
DA:14,1
DA:17,1
DA:29,1
DA:30,3
DA:40,3
DA:41,3
DA:42,3
DA:43,0
DA:45,3
DA:46,1
DA:48,3
DA:58,1
DA:59,5
DA:60,5
DA:61,5
DA:62,5
DA:63,8
DA:65,8
DA:66,5
DA:67,5
DA:70,5
DA:78,1
DA:79,14
DA:80,14
DA:87,8
DA:88,8
DA:89,8
DA:91,6
DA:100,14
LF:37
LH:34
BRDA:13,0,0,1
BRDA:13,0,1,0
BRDA:42,1,0,0
BRDA:42,1,1,3
BRDA:45,2,0,1
BRDA:45,2,1,2
BRDA:65,3,0,5
BRDA:65,3,1,3
BRDA:80,4,0,8
BRDA:80,4,1,6
BRDA:81,5,0,14
BRDA:81,5,1,11
BRDA:81,5,2,10
BRDA:81,5,3,8
BRDA:81,5,4,7
BRF:15
BRH:13
end_of_record
